<?xml version="1.0" encoding="UTF-8" ?>
<testsuite errors="0" failures="0" hostname="DESKTOP-5L013PL" name="validadorips.ValidadorIPsTest" skipped="0" tests="18" time="0.09" timestamp="2023-04-25T08:45:53">
  <properties>
[...]
</properties>
  <testcase classname="validadorips.ValidadorIPsTest" name="testEsIPValida_01" time="0.003" />
  <testcase classname="validadorips.ValidadorIPsTest" name="testEsIPValida_03" time="0.0" />
  <testcase classname="validadorips.ValidadorIPsTest" name="testEsIPValida_04" time="0.001" />
  <testcase classname="validadorips.ValidadorIPsTest" name="testEsIPValida_07" time="0.0" />
  <testcase classname="validadorips.ValidadorIPsTest" name="testEsIPValida_08" time="0.0" />
  <testcase classname="validadorips.ValidadorIPsTest" name="testEsIPValida_02a" time="0.0" />
  <testcase classname="validadorips.ValidadorIPsTest" name="testEsIPValida_02b" time="0.001" />
  <testcase classname="validadorips.ValidadorIPsTest" name="testEsIPValida_02c" time="0.0" />
  <testcase classname="validadorips.ValidadorIPsTest" name="testEsIPValida_05a" time="0.0" />
  <testcase classname="validadorips.ValidadorIPsTest" name="testEsIPValida_05b" time="0.0" />
  <testcase classname="validadorips.ValidadorIPsTest" name="testEsIPValida_05c" time="0.0" />
  <testcase classname="validadorips.ValidadorIPsTest" name="testEsIPValida_06a" time="0.0" />
  <testcase classname="validadorips.ValidadorIPsTest" name="testEsIPValida_06b" time="0.001" />
  <testcase classname="validadorips.ValidadorIPsTest" name="testEsIPValida_06c" time="0.0" />
  <testcase classname="validadorips.ValidadorIPsTest" name="testEsIPValida_09a" time="0.001" />
  <testcase classname="validadorips.ValidadorIPsTest" name="testEsIPValida_09b" time="0.001" />
  <testcase classname="validadorips.ValidadorIPsTest" name="testEsIPValida_09c" time="0.0" />
  <testcase classname="validadorips.ValidadorIPsTest" name="testEsIPValida_09d" time="0.0" />
  <system-out><![CDATA[IP valida sin octeto a 0
Cadena nula
No valida - cadena vacia
Separadores no validos - 192,168,10,11
Direccion terminada en punto tras cuarto octeto - 192.168.10.11.
IP valida con octeto a 0 primero
IP valida con octeto a cero en medio
IP valida con octeto a cero al final
No completa - 192
No completa - 192.122
No completa - 192.122.135
Valor octeto no valido - 192.500.135.45
Valor octeto no valido - 192.-55.135.45
Valor octeto no valido - 192.4e.135.45
Direccion con error octeto empieza con 0 - 192.05.10.11
Direccion con error octeto empieza con 0 - 092.5.10.11
Direccion con error octeto empieza con 0 - 192.05.10.11
Direccion con error octeto empieza con 0 - 76.14.200.00
]]></system-out>
  <system-err><![CDATA[]]></system-err>
</testsuite>
